2018-08-07 23:39:05,278 - ERROR - no such table: sense_readings
2018-08-07 23:47:13,046 - ERROR - table sense_readings already exists
2018-08-11 12:51:11,009 - ERROR - SQLite objects created in a thread can only be used in that same thread.The object was created in thread id 1995477008 and this is thread id 1978066032
2018-08-11 13:10:05,272 - ERROR - SQLite objects created in a thread can only be used in that same thread.The object was created in thread id 1995477008 and this is thread id 1978066032
2018-08-11 13:10:15,028 - ERROR - SQLite objects created in a thread can only be used in that same thread.The object was created in thread id 1995477008 and this is thread id 1978066032
2018-08-11 13:10:48,311 - ERROR - SQLite objects created in a thread can only be used in that same thread.The object was created in thread id 1995477008 and this is thread id 1978066032
2018-08-11 13:12:15,057 - ERROR - SQLite objects created in a thread can only be used in that same thread.The object was created in thread id 1995477008 and this is thread id 1978066032
2018-08-11 13:13:05,947 - ERROR - SQLite objects created in a thread can only be used in that same thread.The object was created in thread id 1995477008 and this is thread id 1978066032
2018-08-11 13:13:38,093 - ERROR - SQLite objects created in a thread can only be used in that same thread.The object was created in thread id 1995477008 and this is thread id 1978066032
2018-08-11 13:14:11,444 - ERROR - SQLite objects created in a thread can only be used in that same thread.The object was created in thread id 1995964432 and this is thread id 1978553456
2018-08-11 13:23:04,967 - ERROR - SQLite objects created in a thread can only be used in that same thread.The object was created in thread id 1996234768 and this is thread id 1978823792
2018-08-11 13:24:51,225 - ERROR - SQLite objects created in a thread can only be used in that same thread.The object was created in thread id 1996054544 and this is thread id 1978643568
2018-08-11 13:27:01,763 - ERROR - SQLite objects created in a thread can only be used in that same thread.The object was created in thread id 1995759632 and this is thread id 1978348656
2018-08-11 13:35:55,903 - ERROR - SQLite objects created in a thread can only be used in that same thread.The object was created in thread id 1995612176 and this is thread id 1978201200
2018-08-11 13:37:21,393 - ERROR - unable to open database file
2018-08-11 13:38:04,067 - ERROR - SQLite objects created in a thread can only be used in that same thread.The object was created in thread id 1995866128 and this is thread id 1978455152
2018-08-11 13:43:58,265 - ERROR - SQLite objects created in a thread can only be used in that same thread.The object was created in thread id 1996042256 and this is thread id 1978631280
2018-08-11 13:55:58,201 - ERROR - SQLite objects created in a thread can only be used in that same thread.The object was created in thread id 1996042256 and this is thread id 1978631280
2018-08-11 14:01:09,232 - ERROR - SQLite objects created in a thread can only be used in that same thread.The object was created in thread id 1995440144 and this is thread id 1978029168
2018-08-15 14:43:56,375 - ERROR - no such table: bluetooth_device
2018-08-15 14:51:47,584 - ERROR - no such table: bluetooth_device
2018-08-15 14:52:58,389 - ERROR - no such table: bluetooth_device
2018-08-15 14:54:24,451 - ERROR - table bluetooth_device has 3 columns but 2 values were supplied
2018-08-15 15:01:41,657 - ERROR - table bluetooth_device has 3 columns but 2 values were supplied
2018-08-15 15:01:41,657 - ERROR - table bluetooth_device has 3 columns but 2 values were supplied
2018-08-15 15:01:41,657 - ERROR - table bluetooth_device has 3 columns but 2 values were supplied
2018-08-15 15:09:48,323 - ERROR - table bluetooth_device already exists
2018-08-15 15:10:13,666 - ERROR - table bluetooth_device has 3 columns but 2 values were supplied
2018-08-15 15:10:56,546 - ERROR - table bluetooth_device already exists
2018-08-15 15:14:16,781 - ERROR - near "FROM": syntax error
2018-08-15 15:14:16,784 - ERROR - table bluetooth_device already exists
2018-08-17 21:20:45,586 - ERROR - near "1": syntax error
2018-08-17 21:20:47,717 - ERROR - near "1": syntax error
2018-08-17 21:20:47,717 - ERROR - near "1": syntax error
2018-08-17 21:22:02,986 - ERROR - near "1": syntax error
2018-08-17 21:22:05,646 - ERROR - near "1": syntax error
2018-08-17 21:22:05,646 - ERROR - near "1": syntax error
2018-08-17 21:22:58,142 - ERROR - near "1": syntax error
2018-08-17 21:22:59,029 - ERROR - near "1": syntax error
2018-08-17 21:22:59,029 - ERROR - near "1": syntax error
2018-08-17 21:23:12,292 - ERROR - near "1": syntax error
2018-08-17 21:26:13,808 - ERROR - near "1": syntax error
2018-08-17 21:26:16,089 - ERROR - near "1": syntax error
2018-08-17 21:26:16,089 - ERROR - near "1": syntax error
2018-08-17 21:26:22,501 - ERROR - near "1": syntax error
2018-08-17 21:26:22,501 - ERROR - near "1": syntax error
2018-08-17 21:26:22,501 - ERROR - near "1": syntax error
2018-08-17 21:30:42,212 - ERROR - near "1": syntax error
2018-08-17 21:30:47,736 - ERROR - near "1": syntax error
2018-08-17 21:30:47,736 - ERROR - near "1": syntax error
2018-08-17 21:32:17,082 - ERROR - near "1": syntax error
2018-08-17 21:32:58,895 - ERROR - near "1": syntax error
2018-08-17 21:33:59,637 - ERROR - near "1": syntax error
2018-08-17 21:59:10,824 - ERROR - near "1": syntax error
2018-08-17 22:04:27,525 - ERROR - near "DAY": syntax error
